<?xml version="1.0" encoding="UTF-8" ?>
<testsuite tests="20" failures="0" name="HappyTeamsTest" time="0.031" errors="0" skipped="0">
  <properties>
    <property name="java.runtime.name" value="Java(TM) SE Runtime Environment"/>
    <property name="java.vm.version" value="13.0.1+9"/>
    <property name="sun.boot.library.path" value="C:\Program Files\Java\jdk-13.0.1\bin"/>
    <property name="maven.multiModuleProjectDirectory" value="C:\Users\nicol\OneDrive\School\Software Engineering\HappyTeams"/>
    <property name="java.vm.vendor" value="Oracle Corporation"/>
    <property name="java.vendor.url" value="https://java.oracle.com/"/>
    <property name="guice.disable.misplaced.annotation.check" value="true"/>
    <property name="path.separator" value=";"/>
    <property name="java.vm.name" value="Java HotSpot(TM) 64-Bit Server VM"/>
    <property name="sun.os.patch.level" value=""/>
    <property name="user.script" value=""/>
    <property name="user.country" value="US"/>
    <property name="sun.java.launcher" value="SUN_STANDARD"/>
    <property name="java.vm.specification.name" value="Java Virtual Machine Specification"/>
    <property name="user.dir" value="C:\Users\nicol\OneDrive\School\Software Engineering\HappyTeams"/>
    <property name="java.vm.compressedOopsMode" value="32-bit"/>
    <property name="java.runtime.version" value="13.0.1+9"/>
    <property name="os.arch" value="amd64"/>
    <property name="java.io.tmpdir" value="C:\Users\nicol\AppData\Local\Temp\"/>
    <property name="line.separator" value="
"/>
    <property name="java.vm.specification.vendor" value="Oracle Corporation"/>
    <property name="user.variant" value=""/>
    <property name="os.name" value="Windows 10"/>
    <property name="classworlds.conf" value="C:\Program Files\apache-maven-3.6.3\bin\..\bin\m2.conf"/>
    <property name="sun.jnu.encoding" value="Cp1252"/>
    <property name="java.library.path" value="C:\Program Files\Java\jdk-13.0.1\bin;C:\WINDOWS\Sun\Java\bin;C:\WINDOWS\system32;C:\WINDOWS;C:\WINDOWS\system32;C:\WINDOWS;C:\WINDOWS\System32\Wbem;C:\WINDOWS\System32\WindowsPowerShell\v1.0\;C:\MinGW\bin;C:\WINDOWS\System32\OpenSSH\;C:\Program Files (x86)\Brackets\command;C:\Program Files\Java\jdk-13.0.1\bin;C:\Program Files (x86)\SMLNJ\bin\;C:\Program Files\apache-maven-3.6.3\bin;C:\Users\nicol\AppData\Local\Microsoft\WindowsApps;;."/>
    <property name="maven.conf" value="C:\Program Files\apache-maven-3.6.3\bin\../conf"/>
    <property name="jdk.debug" value="release"/>
    <property name="java.class.version" value="57.0"/>
    <property name="java.specification.name" value="Java Platform API Specification"/>
    <property name="sun.management.compiler" value="HotSpot 64-Bit Tiered Compilers"/>
    <property name="os.version" value="10.0"/>
    <property name="library.jansi.path" value="C:\Program Files\apache-maven-3.6.3\bin\..\lib\jansi-native"/>
    <property name="user.home" value="C:\Users\nicol"/>
    <property name="user.timezone" value="America/Chicago"/>
    <property name="file.encoding" value="Cp1252"/>
    <property name="java.specification.version" value="13"/>
    <property name="user.name" value="nicol"/>
    <property name="java.class.path" value="C:\Program Files\apache-maven-3.6.3\bin\..\boot\plexus-classworlds-2.6.0.jar"/>
    <property name="java.vm.specification.version" value="13"/>
    <property name="sun.arch.data.model" value="64"/>
    <property name="sun.java.command" value="org.codehaus.plexus.classworlds.launcher.Launcher test"/>
    <property name="java.home" value="C:\Program Files\Java\jdk-13.0.1"/>
    <property name="user.language" value="en"/>
    <property name="java.specification.vendor" value="Oracle Corporation"/>
    <property name="java.vm.info" value="mixed mode, sharing"/>
    <property name="java.version" value="13.0.1"/>
    <property name="java.vendor" value="Oracle Corporation"/>
    <property name="sun.stderr.encoding" value="cp437"/>
    <property name="maven.home" value="C:\Program Files\apache-maven-3.6.3\bin\.."/>
    <property name="file.separator" value="\"/>
    <property name="java.version.date" value="2019-10-15"/>
    <property name="java.vendor.url.bug" value="https://bugreport.java.com/bugreport/"/>
    <property name="sun.io.unicode.encoding" value="UnicodeLittle"/>
    <property name="sun.cpu.endian" value="little"/>
    <property name="sun.stdout.encoding" value="cp437"/>
    <property name="sun.cpu.isalist" value="amd64"/>
  </properties>
  <testcase classname="HappyTeamsTest" name="calculateTest1" time="0"/>
  <testcase classname="HappyTeamsTest" name="calculateTest2" time="0"/>
  <testcase classname="HappyTeamsTest" name="calculateTest3" time="0.016"/>
  <testcase classname="HappyTeamsTest" name="calculateTest4" time="0"/>
  <testcase classname="HappyTeamsTest" name="getPlaceholder1" time="0"/>
  <testcase classname="HappyTeamsTest" name="getPlaceholder2" time="0"/>
  <testcase classname="HappyTeamsTest" name="getPlaceholder3" time="0"/>
  <testcase classname="HappyTeamsTest" name="getPlaceholder4" time="0"/>
  <testcase classname="HappyTeamsTest" name="getTeamSizeTest1" time="0"/>
  <testcase classname="HappyTeamsTest" name="getTeamSizeTest2" time="0"/>
  <testcase classname="HappyTeamsTest" name="getTeamSizeTest3" time="0"/>
  <testcase classname="HappyTeamsTest" name="testBadAssign" time="0.015"/>
  <testcase classname="HappyTeamsTest" name="testBadCalculatePass" time="0"/>
  <testcase classname="HappyTeamsTest" name="testBadPreference" time="0"/>
  <testcase classname="HappyTeamsTest" name="testBadTeamSize" time="0"/>
  <testcase classname="HappyTeamsTest" name="testCheckedNames1" time="0"/>
  <testcase classname="HappyTeamsTest" name="testCheckedNames2" time="0"/>
  <testcase classname="HappyTeamsTest" name="testShuffle1" time="0"/>
  <testcase classname="HappyTeamsTest" name="testShuffle2" time="0"/>
  <testcase classname="HappyTeamsTest" name="testShuffle3" time="0"/>
</testsuite>